2022-06-20 17:45:37,320 ERROR    root            (gcloud) Command name argument expected.
2022-06-20 17:45:37,321 DEBUG    root            Loaded Command Group: ['gcloud', 'database_migration']
2022-06-20 17:45:37,322 DEBUG    root            Loaded Command Group: ['gcloud', 'active_directory']
2022-06-20 17:45:37,323 DEBUG    root            Loaded Command Group: ['gcloud', 'pubsub']
2022-06-20 17:45:37,325 DEBUG    root            Loaded Command Group: ['gcloud', 'network_security']
2022-06-20 17:45:37,327 DEBUG    root            No implementation for release track [GA] for element: [/Users/ewenq/bin/google-cloud-sdk/lib/surface/blueprints]
2022-06-20 17:45:37,328 DEBUG    root            Loaded Command Group: ['gcloud', 'workflows']
2022-06-20 17:45:37,329 DEBUG    root            Loaded Command Group: ['gcloud', 'run']
2022-06-20 17:45:37,330 DEBUG    root            Loaded Command Group: ['gcloud', 'edge_cloud']
2022-06-20 17:45:37,331 DEBUG    root            Loaded Command Group: ['gcloud', 'scc']
2022-06-20 17:45:37,334 DEBUG    root            Loaded Command Group: ['gcloud', 'debug']
2022-06-20 17:45:37,335 DEBUG    root            Loaded Command Group: ['gcloud', 'services']
2022-06-20 17:45:37,340 DEBUG    root            Loaded Command Group: ['gcloud', 'init']
2022-06-20 17:45:37,341 DEBUG    root            Loaded Command Group: ['gcloud', 'dataproc']
2022-06-20 17:45:37,343 DEBUG    root            No implementation for release track [GA] for element: [/Users/ewenq/bin/google-cloud-sdk/lib/surface/error_reporting]
2022-06-20 17:45:37,344 DEBUG    root            Loaded Command Group: ['gcloud', 'network_connectivity']
2022-06-20 17:45:37,345 DEBUG    root            Loaded Command Group: ['gcloud', 'scheduler']
2022-06-20 17:45:37,346 DEBUG    root            Loaded Command Group: ['gcloud', 'deploy']
2022-06-20 17:45:37,347 DEBUG    root            Loaded Command Group: ['gcloud', 'ai']
2022-06-20 17:45:37,349 DEBUG    root            No implementation for release track [GA] for element: [/Users/ewenq/bin/google-cloud-sdk/lib/surface/web_security_scanner]
2022-06-20 17:45:37,350 DEBUG    root            No implementation for release track [GA] for element: [/Users/ewenq/bin/google-cloud-sdk/lib/surface/terraform]
2022-06-20 17:45:37,350 DEBUG    root            Loaded Command Group: ['gcloud', 'memcache']
2022-06-20 17:45:37,352 DEBUG    root            Loaded Command Group: ['gcloud', 'org_policies']
2022-06-20 17:45:37,353 DEBUG    root            Loaded Command Group: ['gcloud', 'datastream']
2022-06-20 17:45:37,355 DEBUG    root            Loaded Command Group: ['gcloud', 'iot']
2022-06-20 17:45:37,356 DEBUG    root            Loaded Command Group: ['gcloud', 'network_services']
2022-06-20 17:45:37,358 DEBUG    root            No implementation for release track [GA] for element: [/Users/ewenq/bin/google-cloud-sdk/lib/surface/remote_build_execution]
2022-06-20 17:45:37,359 DEBUG    root            Loaded Command Group: ['gcloud', 'data_catalog']
2022-06-20 17:45:37,361 DEBUG    root            Loaded Command Group: ['gcloud', 'edge_cache']
2022-06-20 17:45:37,362 DEBUG    root            Loaded Command Group: ['gcloud', 'organizations']
2022-06-20 17:45:37,364 DEBUG    root            Loaded Command Group: ['gcloud', 'docker']
2022-06-20 17:45:37,364 DEBUG    root            Loaded Command Group: ['gcloud', 'transcoder']
2022-06-20 17:45:37,365 DEBUG    root            Loaded Command Group: ['gcloud', 'network_management']
2022-06-20 17:45:37,366 DEBUG    root            Loaded Command Group: ['gcloud', 'access_approval']
2022-06-20 17:45:37,367 DEBUG    root            Loaded Command Group: ['gcloud', 'source']
2022-06-20 17:45:37,380 DEBUG    root            Loaded Command Group: ['gcloud', 'ai_platform']
2022-06-20 17:45:37,381 DEBUG    root            No implementation for release track [GA] for element: [/Users/ewenq/bin/google-cloud-sdk/lib/surface/certificate_manager]
2022-06-20 17:45:37,382 DEBUG    root            Loaded Command Group: ['gcloud', 'monitoring']
2022-06-20 17:45:37,383 DEBUG    root            No implementation for release track [GA] for element: [/Users/ewenq/bin/google-cloud-sdk/lib/surface/dlp]
2022-06-20 17:45:37,384 DEBUG    root            Loaded Command Group: ['gcloud', 'secrets']
2022-06-20 17:45:37,385 DEBUG    root            Loaded Command Group: ['gcloud', 'auth']
2022-06-20 17:45:37,386 DEBUG    root            Loaded Command Group: ['gcloud', 'bigtable']
2022-06-20 17:45:37,388 DEBUG    root            Loaded Command Group: ['gcloud', 'composer']
2022-06-20 17:45:37,389 DEBUG    root            Loaded Command Group: ['gcloud', 'tasks']
2022-06-20 17:45:37,390 DEBUG    root            Loaded Command Group: ['gcloud', 'essential_contacts']
2022-06-20 17:45:37,391 DEBUG    root            Loaded Command Group: ['gcloud', 'dataplex']
2022-06-20 17:45:37,392 DEBUG    root            No implementation for release track [GA] for element: [/Users/ewenq/bin/google-cloud-sdk/lib/surface/vmware]
2022-06-20 17:45:37,393 DEBUG    root            Loaded Command Group: ['gcloud', 'domains']
2022-06-20 17:45:37,393 DEBUG    root            Loaded Command Group: ['gcloud', 'dns']
2022-06-20 17:45:37,395 DEBUG    root            Loaded Command Group: ['gcloud', 'transfer']
2022-06-20 17:45:37,397 DEBUG    root            Loaded Command Group: ['gcloud', 'builds']
2022-06-20 17:45:37,398 DEBUG    root            Loaded Command Group: ['gcloud', 'meta']
2022-06-20 17:45:37,400 DEBUG    root            No implementation for release track [GA] for element: [/Users/ewenq/bin/google-cloud-sdk/lib/surface/datapipelines]
2022-06-20 17:45:37,400 DEBUG    root            No implementation for release track [GA] for element: [/Users/ewenq/bin/google-cloud-sdk/lib/surface/beyondcorp]
2022-06-20 17:45:37,400 DEBUG    root            Loaded Command Group: ['gcloud', 'healthcare']
2022-06-20 17:45:37,427 DEBUG    root            Loaded Command Group: ['gcloud', 'compute']
2022-06-20 17:45:37,437 DEBUG    root            Loaded Command Group: ['gcloud', 'ml_engine']
2022-06-20 17:45:37,438 DEBUG    root            Loaded Command Group: ['gcloud', 'datastore']
2022-06-20 17:45:37,439 DEBUG    root            Loaded Command Group: ['gcloud', 'version']
2022-06-20 17:45:37,440 DEBUG    root            Loaded Command Group: ['gcloud', 'resource_manager']
2022-06-20 17:45:37,441 DEBUG    root            Loaded Command Group: ['gcloud', 'game']
2022-06-20 17:45:37,442 DEBUG    root            Loaded Command Group: ['gcloud', 'privateca']
2022-06-20 17:45:37,444 DEBUG    root            Loaded Command Group: ['gcloud', 'recaptcha']
2022-06-20 17:45:37,446 DEBUG    root            Loaded Command Group: ['gcloud', 'feedback']
2022-06-20 17:45:37,446 DEBUG    root            Loaded Command Group: ['gcloud', 'redis']
2022-06-20 17:45:37,447 DEBUG    root            Loaded Command Group: ['gcloud', 'projects']
2022-06-20 17:45:37,448 DEBUG    root            No implementation for release track [GA] for element: [/Users/ewenq/bin/google-cloud-sdk/lib/surface/publicca]
2022-06-20 17:45:37,463 DEBUG    root            No implementation for release track [GA] for element: [/Users/ewenq/bin/google-cloud-sdk/lib/surface/events]
2022-06-20 17:45:37,463 DEBUG    root            No implementation for release track [GA] for element: [/Users/ewenq/bin/google-cloud-sdk/lib/surface/immersive_stream]
2022-06-20 17:45:37,464 DEBUG    root            Loaded Command Group: ['gcloud', 'endpoints']
2022-06-20 17:45:37,465 DEBUG    root            Loaded Command Group: ['gcloud', 'apigee']
2022-06-20 17:45:37,466 DEBUG    root            Loaded Command Group: ['gcloud', 'workspace_add_ons']
2022-06-20 17:45:37,467 DEBUG    root            Loaded Command Group: ['gcloud', 'api_gateway']
2022-06-20 17:45:37,468 DEBUG    root            Loaded Command Group: ['gcloud', 'bms']
2022-06-20 17:45:37,471 DEBUG    root            No implementation for release track [GA] for element: [/Users/ewenq/bin/google-cloud-sdk/lib/surface/code]
2022-06-20 17:45:37,472 DEBUG    root            Loaded Command Group: ['gcloud', 'service_directory']
2022-06-20 17:45:37,473 DEBUG    root            Loaded Command Group: ['gcloud', 'kms']
2022-06-20 17:45:37,474 DEBUG    root            Loaded Command Group: ['gcloud', 'asset']
2022-06-20 17:45:37,475 DEBUG    root            No implementation for release track [GA] for element: [/Users/ewenq/bin/google-cloud-sdk/lib/surface/bq]
2022-06-20 17:45:37,476 DEBUG    root            No implementation for release track [GA] for element: [/Users/ewenq/bin/google-cloud-sdk/lib/surface/workstations]
2022-06-20 17:45:37,515 DEBUG    root            No implementation for release track [GA] for element: [/Users/ewenq/bin/google-cloud-sdk/lib/surface/interactive]
2022-06-20 17:45:37,516 DEBUG    root            No implementation for release track [GA] for element: [/Users/ewenq/bin/google-cloud-sdk/lib/surface/data_fusion]
2022-06-20 17:45:37,516 DEBUG    root            Loaded Command Group: ['gcloud', 'ids']
2022-06-20 17:45:37,517 DEBUG    root            Loaded Command Group: ['gcloud', 'anthos']
2022-06-20 17:45:37,518 DEBUG    root            Loaded Command Group: ['gcloud', 'info']
2022-06-20 17:45:37,519 DEBUG    root            Loaded Command Group: ['gcloud', 'eventarc']
2022-06-20 17:45:37,521 DEBUG    root            Loaded Command Group: ['gcloud', 'iap']
2022-06-20 17:45:37,523 DEBUG    root            Loaded Command Group: ['gcloud', 'iam']
2022-06-20 17:45:37,524 DEBUG    root            Loaded Command Group: ['gcloud', 'policy_intelligence']
2022-06-20 17:45:37,525 DEBUG    root            No implementation for release track [GA] for element: [/Users/ewenq/bin/google-cloud-sdk/lib/surface/genomics]
2022-06-20 17:45:37,526 DEBUG    root            Loaded Command Group: ['gcloud', 'artifacts']
2022-06-20 17:45:37,527 DEBUG    root            Loaded Command Group: ['gcloud', 'dataflow']
2022-06-20 17:45:37,528 DEBUG    root            No implementation for release track [GA] for element: [/Users/ewenq/bin/google-cloud-sdk/lib/surface/trace]
2022-06-20 17:45:37,529 DEBUG    root            No implementation for release track [GA] for element: [/Users/ewenq/bin/google-cloud-sdk/lib/surface/edge_container]
2022-06-20 17:45:37,529 DEBUG    root            Loaded Command Group: ['gcloud', 'notebooks']
2022-06-20 17:45:37,531 DEBUG    root            Loaded Command Group: ['gcloud', 'config']
2022-06-20 17:45:37,532 DEBUG    root            Loaded Command Group: ['gcloud', 'cheat_sheet']
2022-06-20 17:45:37,533 DEBUG    root            Loaded Command Group: ['gcloud', 'cloud_shell']
2022-06-20 17:45:37,533 DEBUG    root            Loaded Command Group: ['gcloud', 'spanner']
2022-06-20 17:45:37,536 DEBUG    root            Loaded Command Group: ['gcloud', 'functions']
2022-06-20 17:45:37,538 DEBUG    root            Loaded Command Group: ['gcloud', 'firebase']
2022-06-20 17:45:37,538 DEBUG    root            Loaded Command Group: ['gcloud', 'emulators']
2022-06-20 17:45:37,539 DEBUG    root            Loaded Command Group: ['gcloud', 'recommender']
2022-06-20 17:45:37,540 DEBUG    root            No implementation for release track [GA] for element: [/Users/ewenq/bin/google-cloud-sdk/lib/surface/commerce_procurement]
2022-06-20 17:45:37,541 DEBUG    root            No implementation for release track [GA] for element: [/Users/ewenq/bin/google-cloud-sdk/lib/surface/kuberun]
2022-06-20 17:45:37,541 DEBUG    root            Loaded Command Group: ['gcloud', 'components']
2022-06-20 17:45:37,542 DEBUG    root            Loaded Command Group: ['gcloud', 'filestore']
2022-06-20 17:45:37,543 DEBUG    root            Loaded Command Group: ['gcloud', 'policy_troubleshoot']
2022-06-20 17:45:37,545 DEBUG    root            Loaded Command Group: ['gcloud', 'help']
2022-06-20 17:45:37,546 DEBUG    root            Loaded Command Group: ['gcloud', 'resource_settings']
2022-06-20 17:45:37,547 DEBUG    root            Loaded Command Group: ['gcloud', 'firestore']
2022-06-20 17:45:37,548 DEBUG    root            Loaded Command Group: ['gcloud', 'assured']
2022-06-20 17:45:37,549 DEBUG    root            No implementation for release track [GA] for element: [/Users/ewenq/bin/google-cloud-sdk/lib/surface/storage]
2022-06-20 17:45:37,549 DEBUG    root            Loaded Command Group: ['gcloud', 'deployment_manager']
2022-06-20 17:45:37,550 DEBUG    root            Loaded Command Group: ['gcloud', 'identity']
2022-06-20 17:45:37,552 DEBUG    root            No implementation for release track [GA] for element: [/Users/ewenq/bin/google-cloud-sdk/lib/surface/batch]
2022-06-20 17:45:37,552 DEBUG    root            No implementation for release track [GA] for element: [/Users/ewenq/bin/google-cloud-sdk/lib/surface/dialogflow]
2022-06-20 17:45:37,552 DEBUG    root            Loaded Command Group: ['gcloud', 'sql']
2022-06-20 17:45:37,553 DEBUG    root            Loaded Command Group: ['gcloud', 'ml']
2022-06-20 17:45:37,555 DEBUG    root            Loaded Command Group: ['gcloud', 'logging']
2022-06-20 17:45:37,557 DEBUG    root            Loaded Command Group: ['gcloud', 'metastore']
2022-06-20 17:45:37,579 DEBUG    root            Loaded Command Group: ['gcloud', 'survey']
2022-06-20 17:45:37,580 DEBUG    root            Loaded Command Group: ['gcloud', 'topic']
2022-06-20 17:45:37,581 DEBUG    root            Loaded Command Group: ['gcloud', 'billing']
2022-06-20 17:45:37,581 DEBUG    root            No implementation for release track [GA] for element: [/Users/ewenq/bin/google-cloud-sdk/lib/surface/media]
2022-06-20 17:45:37,582 DEBUG    root            No implementation for release track [GA] for element: [/Users/ewenq/bin/google-cloud-sdk/lib/surface/alloydb]
2022-06-20 17:45:37,582 DEBUG    root            No implementation for release track [GA] for element: [/Users/ewenq/bin/google-cloud-sdk/lib/surface/resource_config]
2022-06-20 17:45:37,582 DEBUG    root            No implementation for release track [GA] for element: [/Users/ewenq/bin/google-cloud-sdk/lib/surface/lifesciences]
2022-06-20 17:45:37,584 DEBUG    root            No implementation for release track [GA] for element: [/Users/ewenq/bin/google-cloud-sdk/lib/surface/runtime_config]
2022-06-20 17:45:37,584 DEBUG    root            Loaded Command Group: ['gcloud', 'access_context_manager']
2022-06-20 17:45:37,586 DEBUG    root            Loaded Command Group: ['gcloud', 'app']
