2022-05-23 16:15:15,165 DEBUG    root            Loaded Command Group: ['gcloud', 'compute']
2022-05-23 16:15:15,174 DEBUG    root            Loaded Command Group: ['gcloud', 'compute', 'start_iap_tunnel']
2022-05-23 16:15:15,176 DEBUG    root            Running [gcloud.compute.start-iap-tunnel] with arguments: [--listen-on-stdin: "True", --project: "bakacode-production", --verbosity: "warning", --zone: "europe-west1-b", INSTANCE_NAME: "bastion", INSTANCE_PORT: "22"]
2022-05-23 16:15:15,251 DEBUG    urllib3.connectionpool Starting new HTTPS connection (1): compute.googleapis.com:443
2022-05-23 16:15:15,564 DEBUG    urllib3.connectionpool https://compute.googleapis.com:443 "POST /batch/compute/v1 HTTP/1.1" 200 None
2022-05-23 16:15:15,571 WARNING  root            

To increase the performance of the tunnel, consider installing NumPy. For instructions,
please see https://cloud.google.com/iap/docs/using-tcp-forwarding#increasing_the_tcp_upload_bandwidth

2022-05-23 16:15:15,575 DEBUG    root            credentials type for _GetAccessTokenCallback is [<googlecloudsdk.core.credentials.google_auth_credentials.Credentials object at 0x10558d250>].
2022-05-23 16:15:15,576 INFO     root            Connecting with URL ['wss://tunnel.cloudproxy.app/v4/connect?project=bakacode-production&port=22&zone=europe-west1-b&instance=bastion&interface=nic0']
2022-05-23 16:15:15,757 DEBUG    root            RECV opcode [2] data_len [300] binary_data[:20] [b'\x00\x01\x00\x00\x01&AOSJsFSxUwMV6i']
2022-05-23 16:15:15,763 DEBUG    root            ENQUEUED data_len [21] bytes_to_send[:20] [b'SSH-2.0-OpenSSH_8.6\r']
2022-05-23 16:15:15,763 DEBUG    root            SEND data_len [27] send_data[:20] b'\x00\x04\x00\x00\x00\x15SSH-2.0-OpenSS'
2022-05-23 16:15:15,768 DEBUG    root            RECV opcode [2] data_len [38] binary_data[:20] [b'\x00\x04\x00\x00\x00 SSH-2.0-OpenSS']
2022-05-23 16:15:15,769 DEBUG    root            ENQUEUED data_len [1512] bytes_to_send[:20] [b"\x00\x00\x05\xe4\n\x14'\x8f<zW\xe4p\xc2\x92\x186n\xe9\xc3"]
2022-05-23 16:15:15,769 DEBUG    root            SEND data_len [1518] send_data[:20] b"\x00\x04\x00\x00\x05\xe8\x00\x00\x05\xe4\n\x14'\x8f<zW\xe4p\xc2"
2022-05-23 16:15:15,784 DEBUG    root            RECV opcode [2] data_len [10] binary_data[:20] [b'\x00\x07\x00\x00\x00\x00\x00\x00\x00\x15']
2022-05-23 16:15:15,787 DEBUG    root            RECV opcode [2] data_len [1062] binary_data[:20] [b'\x00\x04\x00\x00\x04 \x00\x00\x04\x1c\n\x14\xaa,|\x00\xe8\x88\xeb\x1d']
2022-05-23 16:15:15,792 DEBUG    root            RECV opcode [2] data_len [10] binary_data[:20] [b'\x00\x07\x00\x00\x00\x00\x00\x00\x05\xfd']
2022-05-23 16:15:15,793 DEBUG    root            ENQUEUED data_len [48] bytes_to_send[:20] [b'\x00\x00\x00,\x06\x1e\x00\x00\x00 \x0eB\x8b\xd3\xc5\xbc\xc3w\xc49']
2022-05-23 16:15:15,793 DEBUG    root            SEND data_len [54] send_data[:20] b'\x00\x04\x00\x00\x000\x00\x00\x00,\x06\x1e\x00\x00\x00 \x0eB\x8b\xd3'
2022-05-23 16:15:15,817 DEBUG    root            RECV opcode [2] data_len [10] binary_data[:20] [b'\x00\x07\x00\x00\x00\x00\x00\x00\x06-']
2022-05-23 16:15:15,822 DEBUG    root            RECV opcode [2] data_len [490] binary_data[:20] [b'\x00\x04\x00\x00\x01\xe4\x00\x00\x00\xbc\x08\x1f\x00\x00\x003\x00\x00\x00\x0b']
2022-05-23 16:15:15,831 DEBUG    root            ENQUEUED data_len [16] bytes_to_send[:20] [b'\x00\x00\x00\x0c\n\x15\x00\x00\x00\x00\x00\x00\x00\x00\x00\x00']
2022-05-23 16:15:15,832 DEBUG    root            SEND data_len [22] send_data[:20] b'\x00\x04\x00\x00\x00\x10\x00\x00\x00\x0c\n\x15\x00\x00\x00\x00\x00\x00\x00\x00'
2022-05-23 16:15:15,832 DEBUG    root            ENQUEUED data_len [44] bytes_to_send[:20] [b'Dm\x8a&GCWMu\x88(\xb3\x06"\x85Kc\xfefL']
2022-05-23 16:15:15,832 DEBUG    root            SEND data_len [50] send_data[:20] b'\x00\x04\x00\x00\x00,Dm\x8a&GCWMu\x88(\xb3\x06"'
2022-05-23 16:15:15,854 DEBUG    root            RECV opcode [2] data_len [10] binary_data[:20] [b'\x00\x07\x00\x00\x00\x00\x00\x00\x06=']
2022-05-23 16:15:15,854 DEBUG    root            RECV opcode [2] data_len [10] binary_data[:20] [b'\x00\x07\x00\x00\x00\x00\x00\x00\x06i']
2022-05-23 16:15:15,854 DEBUG    root            RECV opcode [2] data_len [50] binary_data[:20] [b'\x00\x04\x00\x00\x00,\x98r\xe3\x9cA\xf4\xe2\xb3\xdc\xc5\x8d\xa3a\xc5']
2022-05-23 16:15:15,854 DEBUG    root            ENQUEUED data_len [68] bytes_to_send[:20] [b'\xe5\xfc\xd5\xa7\x94H#q\xce\xce\xd2Aa\x07\xd9\xc1}\xdb\x94\t']
2022-05-23 16:15:15,855 DEBUG    root            SEND data_len [74] send_data[:20] b'\x00\x04\x00\x00\x00D\xe5\xfc\xd5\xa7\x94H#q\xce\xce\xd2Aa\x07'
2022-05-23 16:15:15,875 DEBUG    root            RECV opcode [2] data_len [10] binary_data[:20] [b'\x00\x07\x00\x00\x00\x00\x00\x00\x06\xad']
2022-05-23 16:15:15,884 DEBUG    root            RECV opcode [2] data_len [50] binary_data[:20] [b'\x00\x04\x00\x00\x00,\xba\xac\x98\xcf-v\xf3\x81\xc7\xff\r\x15j\xb3']
2022-05-23 16:15:15,885 DEBUG    root            ENQUEUED data_len [500] bytes_to_send[:20] [b'\x04\xb7`o.\x00\xe9\x7f\xe4\x92\x8e\xbd\x8bU!\x1f1\r\xcc\x19']
2022-05-23 16:15:15,885 DEBUG    root            SEND data_len [506] send_data[:20] b'\x00\x04\x00\x00\x01\xf4\x04\xb7`o.\x00\xe9\x7f\xe4\x92\x8e\xbd\x8bU'
2022-05-23 16:15:15,906 DEBUG    root            RECV opcode [2] data_len [10] binary_data[:20] [b'\x00\x07\x00\x00\x00\x00\x00\x00\x08\xa1']
2022-05-23 16:15:15,907 DEBUG    root            RECV opcode [2] data_len [466] binary_data[:20] [b'\x00\x04\x00\x00\x01\xcc\x80\xda\xfb\xed)\x12?-Gv-\xbb\xe6\xcf']
2022-05-23 16:15:17,891 DEBUG    root            SEND data_len [10] send_data[:20] b'\x00\x07\x00\x00\x00\x00\x00\x00\x08H'
2022-05-23 16:15:22,588 DEBUG    root            ENQUEUED data_len [908] bytes_to_send[:20] [b'q\xc8\xe1\xaeL\xe2\x1e\x86\xddv\xdaX\x84c\xb0ppM\x99\xe6']
2022-05-23 16:15:22,588 DEBUG    root            SEND data_len [914] send_data[:20] b'\x00\x04\x00\x00\x03\x8cq\xc8\xe1\xaeL\xe2\x1e\x86\xddv\xdaX\x84c'
2022-05-23 16:15:22,618 DEBUG    root            RECV opcode [2] data_len [10] binary_data[:20] [b'\x00\x07\x00\x00\x00\x00\x00\x00\x0c-']
2022-05-23 16:15:22,631 DEBUG    root            RECV opcode [2] data_len [34] binary_data[:20] [b'\x00\x04\x00\x00\x00\x1c\xbe\xcf\xcbO\x19\x08\xc9\x18\xcb\xf1\xa0\xea%\xa1']
2022-05-23 16:15:22,632 DEBUG    root            ENQUEUED data_len [112] bytes_to_send[:20] [b'\x1cu\x16i#\x95\xa2\x8d\x88\xfb\x8f\x94\xd2\x05,\x93\x81\xe5\x08\\']
2022-05-23 16:15:22,632 DEBUG    root            SEND data_len [118] send_data[:20] b'\x00\x04\x00\x00\x00p\x1cu\x16i#\x95\xa2\x8d\x88\xfb\x8f\x94\xd2\x05'
2022-05-23 16:15:22,646 DEBUG    root            RECV opcode [2] data_len [782] binary_data[:20] [b'\x00\x04\x00\x00\x03\x08\xad\xa8\xfe\x17\xc5\xf7\xf3\x8a\\H\x06\xd5\xff\xce']
2022-05-23 16:15:22,646 DEBUG    root            RECV opcode [2] data_len [154] binary_data[:20] [b'\x00\x04\x00\x00\x00\x94$<\x0ee\xf4\xb6\x1a#\x18\x90\xe6\x84\xd3\xad']
2022-05-23 16:15:22,654 DEBUG    root            RECV opcode [2] data_len [10] binary_data[:20] [b'\x00\x07\x00\x00\x00\x00\x00\x00\x0c\x9d']
2022-05-23 16:15:22,654 DEBUG    root            RECV opcode [2] data_len [50] binary_data[:20] [b'\x00\x04\x00\x00\x00,\x8cy\x13\x8e\xb7\xda&\xff\x04$f\x93\x8a\xc6']
2022-05-23 16:15:22,654 DEBUG    root            ENQUEUED data_len [540] bytes_to_send[:20] [b'\x0f\x0fh\x137\xb0\r\xc8\xc9\xc4f\xc3(\xffo\r\x8d\x89\x18\x05']
2022-05-23 16:15:22,654 DEBUG    root            SEND data_len [546] send_data[:20] b'\x00\x04\x00\x00\x02\x1c\x0f\x0fh\x137\xb0\r\xc8\xc9\xc4f\xc3(\xff'
2022-05-23 16:15:22,676 DEBUG    root            RECV opcode [2] data_len [10] binary_data[:20] [b'\x00\x07\x00\x00\x00\x00\x00\x00\x0e\xb9']
2022-05-23 16:15:22,677 DEBUG    root            RECV opcode [2] data_len [78] binary_data[:20] [b'\x00\x04\x00\x00\x00H\xa3\xaa\xbe\x0ek\xeb_\x1e\xee\x94P\xcf\x8fT']
2022-05-23 16:15:22,677 DEBUG    root            ENQUEUED data_len [8228] bytes_to_send[:20] [b'.V\xac\xd8\x98\x02\x86\xb7\r\xd9\x8d\xce/\x17w\xfb\x8f,\x1c\x9e']
2022-05-23 16:15:22,677 DEBUG    root            SEND data_len [8234] send_data[:20] b'\x00\x04\x00\x00 $.V\xac\xd8\x98\x02\x86\xb7\r\xd9\x8d\xce/\x17'
2022-05-23 16:15:22,677 DEBUG    root            ENQUEUED data_len [8856] bytes_to_send[:20] [b'\xf5\x89\x18{\xc5\x10\x01ON\xa2u\x9cQ\x8c\x19\x8c{\xfb\xf0=']
2022-05-23 16:15:22,679 DEBUG    root            SEND data_len [8862] send_data[:20] b'\x00\x04\x00\x00"\x98\xf5\x89\x18{\xc5\x10\x01ON\xa2u\x9cQ\x8c'
2022-05-23 16:15:22,682 DEBUG    root            RECV opcode [2] data_len [58] binary_data[:20] [b'\x00\x04\x00\x00\x004\xbcq\x8c?b\xa8\x87\xf0_L\x80X\x92+']
2022-05-23 16:15:22,700 DEBUG    root            RECV opcode [2] data_len [10] binary_data[:20] [b'\x00\x07\x00\x00\x00\x00\x00\x00.\xdd']
2022-05-23 16:15:22,705 DEBUG    root            RECV opcode [2] data_len [10] binary_data[:20] [b'\x00\x07\x00\x00\x00\x00\x00\x00Qu']
2022-05-23 16:15:22,736 DEBUG    root            RECV opcode [2] data_len [58] binary_data[:20] [b'\x00\x04\x00\x00\x004-\xf0\xe3726\x94\xaf\x00w\xd9)g\xb0']
2022-05-23 16:15:22,736 DEBUG    root            RECV opcode [2] data_len [58] binary_data[:20] [b'\x00\x04\x00\x00\x004,\x02Ejsk{\xf9T\xa4\xb6\xdec\xbf']
2022-05-23 16:15:22,736 DEBUG    root            RECV opcode [2] data_len [50] binary_data[:20] [b'\x00\x04\x00\x00\x00,Q\x8a]O\x1b\x9b\t\xe01\xec`n\xf0\x93']
2022-05-23 16:15:22,781 DEBUG    root            ENQUEUED data_len [104] bytes_to_send[:20] [b'\x11ob\t[\xf3\x89\xe4\x0e\xbc\xf4\xafz0\x0b\x17^\x87\xbbt']
2022-05-23 16:15:22,781 DEBUG    root            SEND data_len [110] send_data[:20] b'\x00\x04\x00\x00\x00h\x11ob\t[\xf3\x89\xe4\x0e\xbc\xf4\xafz0'
2022-05-23 16:15:22,802 DEBUG    root            RECV opcode [2] data_len [10] binary_data[:20] [b'\x00\x07\x00\x00\x00\x00\x00\x00Q\xdd']
2022-05-23 16:15:22,803 DEBUG    root            RECV opcode [2] data_len [58] binary_data[:20] [b'\x00\x04\x00\x00\x004:}\x10:>w_|\xc5\xe3)\xc1\xf4q']
2022-05-23 16:15:24,787 DEBUG    root            SEND data_len [10] send_data[:20] b'\x00\x07\x00\x00\x00\x00\x00\x00\rp'
2022-05-23 16:17:23,009 DEBUG    root            RECV opcode [2] data_len [66] binary_data[:20] [b'\x00\x04\x00\x00\x00<\xb9~\\\x16\xb2C\xaa\xfcv\xbdJ\x1a\x84*']
2022-05-23 16:17:23,014 DEBUG    root            ENQUEUED data_len [36] bytes_to_send[:20] [b'\xbbt\x1a^m\x06J7Fa\xf2\xfc+`\xf1\x81\xe0R\xa8\xaa']
2022-05-23 16:17:23,015 DEBUG    root            SEND data_len [42] send_data[:20] b'\x00\x04\x00\x00\x00$\xbbt\x1a^m\x06J7Fa\xf2\xfc+`'
2022-05-23 16:17:23,039 DEBUG    root            RECV opcode [2] data_len [10] binary_data[:20] [b'\x00\x07\x00\x00\x00\x00\x00\x00R\x01']
2022-05-23 16:17:25,017 DEBUG    root            SEND data_len [10] send_data[:20] b'\x00\x07\x00\x00\x00\x00\x00\x00\r\xac'
2022-05-23 16:19:23,142 DEBUG    root            RECV opcode [2] data_len [66] binary_data[:20] [b'\x00\x04\x00\x00\x00<dI1\x9e\xcf\xeaJ\xa1@Sh6i\xab']
2022-05-23 16:19:23,146 DEBUG    root            ENQUEUED data_len [36] bytes_to_send[:20] [b't\x8c\xc9\x9a5X=\xbf\xd8\xdcH\xceR\xefMsA\x8a\x8c\xc3']
2022-05-23 16:19:23,146 DEBUG    root            SEND data_len [42] send_data[:20] b'\x00\x04\x00\x00\x00$t\x8c\xc9\x9a5X=\xbf\xd8\xdcH\xceR\xef'
2022-05-23 16:19:23,168 DEBUG    root            RECV opcode [2] data_len [10] binary_data[:20] [b'\x00\x07\x00\x00\x00\x00\x00\x00R%']
2022-05-23 16:19:25,148 DEBUG    root            SEND data_len [10] send_data[:20] b'\x00\x07\x00\x00\x00\x00\x00\x00\r\xe8'
2022-05-23 16:21:23,275 DEBUG    root            RECV opcode [2] data_len [66] binary_data[:20] [b'\x00\x04\x00\x00\x00<d;s\x854\x17\x00\x8a\xe9\xdc\x15[\xbfx']
2022-05-23 16:21:23,279 DEBUG    root            ENQUEUED data_len [36] bytes_to_send[:20] [b'<\xff\xecQQ\xad\xc2_\n\x9az\x92\xbd*%\x96\x95\xac\xf6\xac']
2022-05-23 16:21:23,279 DEBUG    root            SEND data_len [42] send_data[:20] b'\x00\x04\x00\x00\x00$<\xff\xecQQ\xad\xc2_\n\x9az\x92\xbd*'
2022-05-23 16:21:23,301 DEBUG    root            RECV opcode [2] data_len [10] binary_data[:20] [b'\x00\x07\x00\x00\x00\x00\x00\x00RI']
2022-05-23 16:21:25,285 DEBUG    root            SEND data_len [10] send_data[:20] b'\x00\x07\x00\x00\x00\x00\x00\x00\x0e$'
2022-05-23 16:23:00,698 DEBUG    root            ENQUEUED data_len [60] bytes_to_send[:20] [b'\xa27\xa0\x8a/0\xdb\x12\xee\xd3\xab\x06SI?\x8c\xc7/\xd1\x81']
2022-05-23 16:23:00,699 DEBUG    root            SEND data_len [66] send_data[:20] b'\x00\x04\x00\x00\x00<\xa27\xa0\x8a/0\xdb\x12\xee\xd3\xab\x06SI'
2022-05-23 16:23:00,725 DEBUG    root            RECV opcode [2] data_len [10] binary_data[:20] [b'\x00\x07\x00\x00\x00\x00\x00\x00R\x85']
2022-05-23 16:23:00,760 DEBUG    root            ENQUEUED data_len [52] bytes_to_send[:20] [b'1\xedNH7\x00\x0cbS\x0ec\x9c\r\xfcJ%#\xf6\xa6\xac']
2022-05-23 16:23:00,760 DEBUG    root            SEND data_len [58] send_data[:20] b'\x00\x04\x00\x00\x0041\xedNH7\x00\x0cbS\x0ec\x9c\r\xfc'
2022-05-23 16:23:00,780 DEBUG    root            RECV opcode [2] data_len [10] binary_data[:20] [b'\x00\x07\x00\x00\x00\x00\x00\x00R\xb9']
2022-05-23 16:23:30,712 DEBUG    root            ENQUEUED data_len [44] bytes_to_send[:20] [b'\xc0,E\xfc`\xd3\x9c\xf7\x88\x8es_\xae\x96\xffK\x8a\r\xb3X']
2022-05-23 16:23:30,712 DEBUG    root            SEND data_len [50] send_data[:20] b'\x00\x04\x00\x00\x00,\xc0,E\xfc`\xd3\x9c\xf7\x88\x8es_\xae\x96'
2022-05-23 16:23:30,736 DEBUG    root            RECV opcode [2] data_len [10] binary_data[:20] [b'\x00\x07\x00\x00\x00\x00\x00\x00R\xe5']
2022-05-23 16:25:10,363 DEBUG    root            RECV opcode [2] data_len [50] binary_data[:20] [b'\x00\x04\x00\x00\x00,\xd5z@\xba{\x90\x00\xd3T\x94>AY\xf4']
2022-05-23 16:25:10,876 DEBUG    root            SEND data_len [10] send_data[:20] b'\x00\x07\x00\x00\x00\x00\x00\x00\x0eP'
