2022-05-23 16:16:28,897 DEBUG    root            Loaded Command Group: ['gcloud', 'secrets']
2022-05-23 16:16:28,899 DEBUG    root            Loaded Command Group: ['gcloud', 'secrets', 'versions']
2022-05-23 16:16:28,901 DEBUG    root            Loaded Command Group: ['gcloud', 'secrets', 'versions', 'list']
2022-05-23 16:16:28,903 DEBUG    root            Running [gcloud.secrets.versions.list] with arguments: [--format: "json", SECRET: "projects/bakacode-preproduction/secrets/postgresql-connection-string"]
2022-05-23 16:16:28,913 INFO     root            Display format: "
table(
  name.basename():label=NAME,
  state.enum(secrets.StateVersionJobState).color('destroyed', 'disabled', 'enabled', 'unknown'):label=STATE,
  createTime.date():label=CREATED,
  destroyTime.date(undefined='-'):label=DESTROYED
)
 json"
2022-05-23 16:16:28,929 DEBUG    urllib3.connectionpool Starting new HTTPS connection (1): secretmanager.googleapis.com:443
2022-05-23 16:16:29,248 DEBUG    urllib3.connectionpool https://secretmanager.googleapis.com:443 "GET /v1/projects/bakacode-preproduction/secrets/postgresql-connection-string/versions?alt=json&pageSize=0 HTTP/1.1" 200 None
2022-05-23 16:16:29,253 INFO     ___FILE_ONLY___ [
  {
2022-05-23 16:16:29,254 INFO     ___FILE_ONLY___ 
    "createTime": "2022-04-28T10:51:23.260512Z",
2022-05-23 16:16:29,254 INFO     ___FILE_ONLY___ 
    "etag": "\"15ddb4b4feba98\"",
2022-05-23 16:16:29,254 INFO     ___FILE_ONLY___ 
    "name": "projects/658620740302/secrets/postgresql-connection-string/versions/4",
2022-05-23 16:16:29,254 INFO     ___FILE_ONLY___ 
    "replicationStatus": {
2022-05-23 16:16:29,254 INFO     ___FILE_ONLY___ 
      "automatic": {}
2022-05-23 16:16:29,254 INFO     ___FILE_ONLY___ 
    },
2022-05-23 16:16:29,254 INFO     ___FILE_ONLY___ 
    "state": "ENABLED"
2022-05-23 16:16:29,254 INFO     ___FILE_ONLY___ 
  }
2022-05-23 16:16:29,255 INFO     ___FILE_ONLY___ ,
  {
2022-05-23 16:16:29,255 INFO     ___FILE_ONLY___ 
    "clientSpecifiedPayloadChecksum": true,
2022-05-23 16:16:29,255 INFO     ___FILE_ONLY___ 
    "createTime": "2022-04-27T11:52:32.919643Z",
2022-05-23 16:16:29,255 INFO     ___FILE_ONLY___ 
    "destroyTime": "2022-04-27T12:59:53.299133098Z",
2022-05-23 16:16:29,255 INFO     ___FILE_ONLY___ 
    "etag": "\"15dda262aac33f\"",
2022-05-23 16:16:29,256 INFO     ___FILE_ONLY___ 
    "name": "projects/658620740302/secrets/postgresql-connection-string/versions/3",
2022-05-23 16:16:29,256 INFO     ___FILE_ONLY___ 
    "replicationStatus": {
2022-05-23 16:16:29,256 INFO     ___FILE_ONLY___ 
      "automatic": {}
2022-05-23 16:16:29,256 INFO     ___FILE_ONLY___ 
    },
2022-05-23 16:16:29,256 INFO     ___FILE_ONLY___ 
    "state": "DESTROYED"
2022-05-23 16:16:29,256 INFO     ___FILE_ONLY___ 
  }
2022-05-23 16:16:29,257 INFO     ___FILE_ONLY___ ,
  {
2022-05-23 16:16:29,257 INFO     ___FILE_ONLY___ 
    "createTime": "2022-04-27T06:23:20.095368Z",
2022-05-23 16:16:29,257 INFO     ___FILE_ONLY___ 
    "destroyTime": "2022-04-28T10:51:21.718986669Z",
2022-05-23 16:16:29,257 INFO     ___FILE_ONLY___ 
    "etag": "\"15ddb4b4dcdabf\"",
2022-05-23 16:16:29,257 INFO     ___FILE_ONLY___ 
    "name": "projects/658620740302/secrets/postgresql-connection-string/versions/2",
2022-05-23 16:16:29,257 INFO     ___FILE_ONLY___ 
    "replicationStatus": {
2022-05-23 16:16:29,257 INFO     ___FILE_ONLY___ 
      "automatic": {}
2022-05-23 16:16:29,257 INFO     ___FILE_ONLY___ 
    },
2022-05-23 16:16:29,257 INFO     ___FILE_ONLY___ 
    "state": "DESTROYED"
2022-05-23 16:16:29,257 INFO     ___FILE_ONLY___ 
  }
2022-05-23 16:16:29,258 INFO     ___FILE_ONLY___ ,
  {
2022-05-23 16:16:29,258 INFO     ___FILE_ONLY___ 
    "createTime": "2022-04-25T14:37:56.461710Z",
2022-05-23 16:16:29,258 INFO     ___FILE_ONLY___ 
    "destroyTime": "2022-04-27T06:15:56.267732720Z",
2022-05-23 16:16:29,258 INFO     ___FILE_ONLY___ 
    "etag": "\"15dd9cbe06fbcf\"",
2022-05-23 16:16:29,258 INFO     ___FILE_ONLY___ 
    "name": "projects/658620740302/secrets/postgresql-connection-string/versions/1",
2022-05-23 16:16:29,258 INFO     ___FILE_ONLY___ 
    "replicationStatus": {
2022-05-23 16:16:29,258 INFO     ___FILE_ONLY___ 
      "automatic": {}
2022-05-23 16:16:29,258 INFO     ___FILE_ONLY___ 
    },
2022-05-23 16:16:29,258 INFO     ___FILE_ONLY___ 
    "state": "DESTROYED"
2022-05-23 16:16:29,258 INFO     ___FILE_ONLY___ 
  }
2022-05-23 16:16:29,258 INFO     ___FILE_ONLY___ 
]

2022-05-23 16:16:29,261 DEBUG    root            Checking for updates...
2022-05-23 16:16:29,270 DEBUG    urllib3.connectionpool Starting new HTTPS connection (1): dl.google.com:443
2022-05-23 16:16:29,349 DEBUG    urllib3.connectionpool https://dl.google.com:443 "GET /dl/cloudsdk/channels/rapid/components-2.json HTTP/1.1" 200 187088
2022-05-23 16:16:29,424 DEBUG    root            Updating notification cache...
2022-05-23 16:16:29,425 DEBUG    root            Activating notification: [default]
