2022-05-23 17:25:03,369 DEBUG    root            Loaded Command Group: ['gcloud', 'secrets']
2022-05-23 17:25:03,370 DEBUG    root            Loaded Command Group: ['gcloud', 'secrets', 'versions']
2022-05-23 17:25:03,371 DEBUG    root            Loaded Command Group: ['gcloud', 'secrets', 'versions', 'list']
2022-05-23 17:25:03,373 DEBUG    root            Running [gcloud.secrets.versions.list] with arguments: [--format: "json", SECRET: "projects/bakacode-preproduction/secrets/postgresql-connection-string"]
2022-05-23 17:25:03,378 INFO     root            Display format: "
table(
  name.basename():label=NAME,
  state.enum(secrets.StateVersionJobState).color('destroyed', 'disabled', 'enabled', 'unknown'):label=STATE,
  createTime.date():label=CREATED,
  destroyTime.date(undefined='-'):label=DESTROYED
)
 json"
2022-05-23 17:25:03,383 DEBUG    urllib3.connectionpool Starting new HTTPS connection (1): secretmanager.googleapis.com:443
2022-05-23 17:25:03,696 DEBUG    urllib3.connectionpool https://secretmanager.googleapis.com:443 "GET /v1/projects/bakacode-preproduction/secrets/postgresql-connection-string/versions?alt=json&pageSize=0 HTTP/1.1" 200 None
2022-05-23 17:25:03,702 INFO     ___FILE_ONLY___ [
  {
2022-05-23 17:25:03,702 INFO     ___FILE_ONLY___ 
    "createTime": "2022-04-28T10:51:23.260512Z",
2022-05-23 17:25:03,702 INFO     ___FILE_ONLY___ 
    "etag": "\"15ddb4b4feba98\"",
2022-05-23 17:25:03,702 INFO     ___FILE_ONLY___ 
    "name": "projects/658620740302/secrets/postgresql-connection-string/versions/4",
2022-05-23 17:25:03,702 INFO     ___FILE_ONLY___ 
    "replicationStatus": {
2022-05-23 17:25:03,702 INFO     ___FILE_ONLY___ 
      "automatic": {}
2022-05-23 17:25:03,702 INFO     ___FILE_ONLY___ 
    },
2022-05-23 17:25:03,702 INFO     ___FILE_ONLY___ 
    "state": "ENABLED"
2022-05-23 17:25:03,703 INFO     ___FILE_ONLY___ 
  }
2022-05-23 17:25:03,703 INFO     ___FILE_ONLY___ ,
  {
2022-05-23 17:25:03,703 INFO     ___FILE_ONLY___ 
    "clientSpecifiedPayloadChecksum": true,
2022-05-23 17:25:03,703 INFO     ___FILE_ONLY___ 
    "createTime": "2022-04-27T11:52:32.919643Z",
2022-05-23 17:25:03,703 INFO     ___FILE_ONLY___ 
    "destroyTime": "2022-04-27T12:59:53.299133098Z",
2022-05-23 17:25:03,703 INFO     ___FILE_ONLY___ 
    "etag": "\"15dda262aac33f\"",
2022-05-23 17:25:03,703 INFO     ___FILE_ONLY___ 
    "name": "projects/658620740302/secrets/postgresql-connection-string/versions/3",
2022-05-23 17:25:03,703 INFO     ___FILE_ONLY___ 
    "replicationStatus": {
2022-05-23 17:25:03,703 INFO     ___FILE_ONLY___ 
      "automatic": {}
2022-05-23 17:25:03,703 INFO     ___FILE_ONLY___ 
    },
2022-05-23 17:25:03,703 INFO     ___FILE_ONLY___ 
    "state": "DESTROYED"
2022-05-23 17:25:03,704 INFO     ___FILE_ONLY___ 
  }
2022-05-23 17:25:03,704 INFO     ___FILE_ONLY___ ,
  {
2022-05-23 17:25:03,704 INFO     ___FILE_ONLY___ 
    "createTime": "2022-04-27T06:23:20.095368Z",
2022-05-23 17:25:03,704 INFO     ___FILE_ONLY___ 
    "destroyTime": "2022-04-28T10:51:21.718986669Z",
2022-05-23 17:25:03,704 INFO     ___FILE_ONLY___ 
    "etag": "\"15ddb4b4dcdabf\"",
2022-05-23 17:25:03,704 INFO     ___FILE_ONLY___ 
    "name": "projects/658620740302/secrets/postgresql-connection-string/versions/2",
2022-05-23 17:25:03,704 INFO     ___FILE_ONLY___ 
    "replicationStatus": {
2022-05-23 17:25:03,704 INFO     ___FILE_ONLY___ 
      "automatic": {}
2022-05-23 17:25:03,704 INFO     ___FILE_ONLY___ 
    },
2022-05-23 17:25:03,704 INFO     ___FILE_ONLY___ 
    "state": "DESTROYED"
2022-05-23 17:25:03,704 INFO     ___FILE_ONLY___ 
  }
2022-05-23 17:25:03,705 INFO     ___FILE_ONLY___ ,
  {
2022-05-23 17:25:03,705 INFO     ___FILE_ONLY___ 
    "createTime": "2022-04-25T14:37:56.461710Z",
2022-05-23 17:25:03,705 INFO     ___FILE_ONLY___ 
    "destroyTime": "2022-04-27T06:15:56.267732720Z",
2022-05-23 17:25:03,705 INFO     ___FILE_ONLY___ 
    "etag": "\"15dd9cbe06fbcf\"",
2022-05-23 17:25:03,705 INFO     ___FILE_ONLY___ 
    "name": "projects/658620740302/secrets/postgresql-connection-string/versions/1",
2022-05-23 17:25:03,705 INFO     ___FILE_ONLY___ 
    "replicationStatus": {
2022-05-23 17:25:03,705 INFO     ___FILE_ONLY___ 
      "automatic": {}
2022-05-23 17:25:03,705 INFO     ___FILE_ONLY___ 
    },
2022-05-23 17:25:03,705 INFO     ___FILE_ONLY___ 
    "state": "DESTROYED"
2022-05-23 17:25:03,705 INFO     ___FILE_ONLY___ 
  }
2022-05-23 17:25:03,705 INFO     ___FILE_ONLY___ 
]

